Fri Aug 28 14:10:07 IST 2020  [debug] AvalonLogSystem initialized using logfile 'velocity.log'
Fri Aug 28 14:10:07 IST 2020   [info] ************************************************************** 
Fri Aug 28 14:10:07 IST 2020   [info] Starting Jakarta Velocity v1.4
Fri Aug 28 14:10:07 IST 2020   [info] RuntimeInstance initializing.
Fri Aug 28 14:10:07 IST 2020   [info] Default Properties File: org/apache/velocity/runtime/defaults/velocity.properties
Fri Aug 28 14:10:07 IST 2020   [info] Trying to use logger class org.apache.velocity.runtime.log.AvalonLogSystem
Fri Aug 28 14:10:07 IST 2020   [info] Using logger class org.apache.velocity.runtime.log.AvalonLogSystem
Fri Aug 28 14:10:07 IST 2020   [info] Default ResourceManager initializing. (class org.apache.velocity.runtime.resource.ResourceManagerImpl)
Fri Aug 28 14:10:07 IST 2020   [info] Resource Loader Instantiated: org.apache.velocity.runtime.resource.loader.ClasspathResourceLoader
Fri Aug 28 14:10:07 IST 2020   [info] ClasspathResourceLoader : initialization starting.
Fri Aug 28 14:10:07 IST 2020   [info] ClasspathResourceLoader : initialization complete.
Fri Aug 28 14:10:07 IST 2020   [info] ResourceCache : initialized. (class org.apache.velocity.runtime.resource.ResourceCacheImpl)
Fri Aug 28 14:10:07 IST 2020   [info] Default ResourceManager initialization complete.
Fri Aug 28 14:10:07 IST 2020   [info] Loaded System Directive: org.apache.velocity.runtime.directive.Literal
Fri Aug 28 14:10:07 IST 2020   [info] Loaded System Directive: org.apache.velocity.runtime.directive.Macro
Fri Aug 28 14:10:07 IST 2020   [info] Loaded System Directive: org.apache.velocity.runtime.directive.Parse
Fri Aug 28 14:10:07 IST 2020   [info] Loaded System Directive: org.apache.velocity.runtime.directive.Include
Fri Aug 28 14:10:07 IST 2020   [info] Loaded System Directive: org.apache.velocity.runtime.directive.Foreach
Fri Aug 28 14:10:07 IST 2020   [info] Created: 20 parsers.
Fri Aug 28 14:10:07 IST 2020   [info] Velocimacro : initialization starting.
Fri Aug 28 14:10:07 IST 2020   [info] Velocimacro : adding VMs from VM library template : VM_global_library.vm
Fri Aug 28 14:10:07 IST 2020  [error] ResourceManager : unable to find resource 'VM_global_library.vm' in any resource loader.
Fri Aug 28 14:10:07 IST 2020   [info] Velocimacro : error using  VM library template VM_global_library.vm : org.apache.velocity.exception.ResourceNotFoundException: Unable to find resource 'VM_global_library.vm'
Fri Aug 28 14:10:07 IST 2020   [info] Velocimacro :  VM library template macro registration complete.
Fri Aug 28 14:10:07 IST 2020   [info] Velocimacro : allowInline = true : VMs can be defined inline in templates
Fri Aug 28 14:10:07 IST 2020   [info] Velocimacro : allowInlineToOverride = false : VMs defined inline may NOT replace previous VM definitions
Fri Aug 28 14:10:07 IST 2020   [info] Velocimacro : allowInlineLocal = false : VMs defined inline will be  global in scope if allowed.
Fri Aug 28 14:10:07 IST 2020   [info] Velocimacro : messages on  : VM system will output logging messages
Fri Aug 28 14:10:07 IST 2020   [info] Velocimacro : autoload off  : VM system will not automatically reload global library macros
Fri Aug 28 14:10:07 IST 2020   [info] Velocimacro : initialization complete.
Fri Aug 28 14:10:07 IST 2020   [info] Velocity successfully started.
Fri Aug 28 14:10:43 IST 2020   [info] ResourceManager : found org/uncommons/reportng/templates/html/index.html.vm with loader org.apache.velocity.runtime.resource.loader.ClasspathResourceLoader
Fri Aug 28 14:10:43 IST 2020   [info] ResourceManager : found org/uncommons/reportng/templates/html/overview.html.vm with loader org.apache.velocity.runtime.resource.loader.ClasspathResourceLoader
Fri Aug 28 14:10:43 IST 2020   [info] ResourceManager : found org/uncommons/reportng/templates/html/suites.html.vm with loader org.apache.velocity.runtime.resource.loader.ClasspathResourceLoader
Fri Aug 28 14:10:43 IST 2020   [info] ResourceManager : found org/uncommons/reportng/templates/html/results.html.vm with loader org.apache.velocity.runtime.resource.loader.ClasspathResourceLoader
Fri Aug 28 14:10:43 IST 2020   [info] ResourceManager : found org/uncommons/reportng/templates/html/class-results.html.vm with loader org.apache.velocity.runtime.resource.loader.ClasspathResourceLoader
